<?xml version="1.0" encoding="UTF-8"?>
<!-- Generated by org.testng.reporters.JUnitReportReporter -->
<testsuite skipped="0" hostname="DESKTOP-O6S8VEP" name="com.cybertek.AoodenSpoon" tests="1" failures="0" timestamp="30 Jun 2018 16:28:00 GMT" time="11.184" errors="0">
  <testcase name="findProducts" time="11.184" classname="com.cybertek.AoodenSpoon"/>
</testsuite> <!-- com.cybertek.AoodenSpoon -->
