<?xml version="1.0" encoding="UTF-8"?>
<!-- Generated by org.testng.reporters.JUnitReportReporter -->
<testsuite skipped="0" hostname="DESKTOP-O6S8VEP" name="com.cybertek.WebTablePractice" tests="1" failures="0" timestamp="30 Jun 2018 05:48:08 GMT" time="5.285" errors="0">
  <testcase name="setUp" time="5.285" classname="com.cybertek.WebTablePractice"/>
</testsuite> <!-- com.cybertek.WebTablePractice -->
